{"/Users/davidpett/Desktop/pepper/src/components/card/card.tsx": {"path":"/Users/davidpett/Desktop/pepper/src/components/card/card.tsx","statementMap":{"0":{"start":{"line":9,"column":30},"end":{"line":15,"column":1}},"1":{"start":{"line":10,"column":2},"end":{"line":14,"column":21}}},"fnMap":{"0":{"name":"(anonymous_0)","decl":{"start":{"line":9,"column":30},"end":{"line":9,"column":31}},"loc":{"start":{"line":10,"column":2},"end":{"line":14,"column":21}},"line":10}},"branchMap":{},"s":{"0":1,"1":1},"f":{"0":1},"b":{},"_coverageSchema":"43e27e138ebf9cfc5966b082cf9a028302ed4184","hash":"f9384606f0693ba7c8effa3d4042fd8b6d3c818f"}
,"/Users/davidpett/Desktop/pepper/src/router/config.ts": {"path":"/Users/davidpett/Desktop/pepper/src/router/config.ts","statementMap":{"0":{"start":{"line":4,"column":59},"end":{"line":12,"column":1}},"1":{"start":{"line":14,"column":38},"end":{"line":14,"column":106}}},"fnMap":{},"branchMap":{},"s":{"0":0,"1":0},"f":{},"b":{},"hash":"6e7c44a35400b5429b7695639ec5659e3239bd51"}
,"/Users/davidpett/Desktop/pepper/src/router/router.tsx": {"path":"/Users/davidpett/Desktop/pepper/src/router/router.tsx","statementMap":{"0":{"start":{"line":6,"column":15},"end":{"line":21,"column":1}}},"fnMap":{},"branchMap":{},"s":{"0":0},"f":{},"b":{},"hash":"40e5d8177074053593e285979f8bf068938454cc"}
,"/Users/davidpett/Desktop/pepper/src/screens/home/home.navigator.ts": {"path":"/Users/davidpett/Desktop/pepper/src/screens/home/home.navigator.ts","statementMap":{},"fnMap":{},"branchMap":{},"s":{},"f":{},"b":{},"hash":"2daf39c53fc071dfe1f9f1783f75d9e14ec16587"}
,"/Users/davidpett/Desktop/pepper/src/screens/home/detail/detail.tsx": {"path":"/Users/davidpett/Desktop/pepper/src/screens/home/detail/detail.tsx","statementMap":{"0":{"start":{"line":9,"column":34},"end":{"line":13,"column":1}},"1":{"start":{"line":10,"column":2},"end":{"line":12,"column":15}}},"fnMap":{"0":{"name":"(anonymous_0)","decl":{"start":{"line":9,"column":34},"end":{"line":9,"column":35}},"loc":{"start":{"line":10,"column":2},"end":{"line":12,"column":15}},"line":10}},"branchMap":{},"s":{"0":0,"1":0},"f":{"0":0},"b":{},"hash":"2103e7f83c10e0f6552afea8994fde1d9c2ae79b"}
,"/Users/davidpett/Desktop/pepper/src/screens/home/list/list.tsx": {"path":"/Users/davidpett/Desktop/pepper/src/screens/home/list/list.tsx","statementMap":{"0":{"start":{"line":9,"column":30},"end":{"line":25,"column":1}},"1":{"start":{"line":10,"column":23},"end":{"line":10,"column":38}},"2":{"start":{"line":12,"column":2},"end":{"line":24,"column":3}},"3":{"start":{"line":16,"column":42},"end":{"line":16,"column":79}},"4":{"start":{"line":17,"column":40},"end":{"line":17,"column":75}},"5":{"start":{"line":18,"column":41},"end":{"line":18,"column":77}},"6":{"start":{"line":19,"column":40},"end":{"line":19,"column":75}},"7":{"start":{"line":20,"column":40},"end":{"line":20,"column":75}},"8":{"start":{"line":21,"column":42},"end":{"line":21,"column":79}}},"fnMap":{"0":{"name":"(anonymous_0)","decl":{"start":{"line":9,"column":30},"end":{"line":9,"column":31}},"loc":{"start":{"line":9,"column":36},"end":{"line":25,"column":1}},"line":9},"1":{"name":"(anonymous_1)","decl":{"start":{"line":16,"column":36},"end":{"line":16,"column":37}},"loc":{"start":{"line":16,"column":42},"end":{"line":16,"column":79}},"line":16},"2":{"name":"(anonymous_2)","decl":{"start":{"line":17,"column":34},"end":{"line":17,"column":35}},"loc":{"start":{"line":17,"column":40},"end":{"line":17,"column":75}},"line":17},"3":{"name":"(anonymous_3)","decl":{"start":{"line":18,"column":35},"end":{"line":18,"column":36}},"loc":{"start":{"line":18,"column":41},"end":{"line":18,"column":77}},"line":18},"4":{"name":"(anonymous_4)","decl":{"start":{"line":19,"column":34},"end":{"line":19,"column":35}},"loc":{"start":{"line":19,"column":40},"end":{"line":19,"column":75}},"line":19},"5":{"name":"(anonymous_5)","decl":{"start":{"line":20,"column":34},"end":{"line":20,"column":35}},"loc":{"start":{"line":20,"column":40},"end":{"line":20,"column":75}},"line":20},"6":{"name":"(anonymous_6)","decl":{"start":{"line":21,"column":36},"end":{"line":21,"column":37}},"loc":{"start":{"line":21,"column":42},"end":{"line":21,"column":79}},"line":21}},"branchMap":{},"s":{"0":0,"1":0,"2":0,"3":0,"4":0,"5":0,"6":0,"7":0,"8":0},"f":{"0":0,"1":0,"2":0,"3":0,"4":0,"5":0,"6":0},"b":{},"hash":"1cd7b5071dd5f23e986fca665cb5f393fa9fde33"}
,"/Users/davidpett/Desktop/pepper/src/screens/settings/settings.navigator.ts": {"path":"/Users/davidpett/Desktop/pepper/src/screens/settings/settings.navigator.ts","statementMap":{},"fnMap":{},"branchMap":{},"s":{},"f":{},"b":{},"hash":"8d2716ccf236c295a51b2cf95e4ac0afefed1d0e"}
,"/Users/davidpett/Desktop/pepper/src/screens/settings/list/list.tsx": {"path":"/Users/davidpett/Desktop/pepper/src/screens/settings/list/list.tsx","statementMap":{"0":{"start":{"line":6,"column":30},"end":{"line":12,"column":1}},"1":{"start":{"line":7,"column":2},"end":{"line":11,"column":3}}},"fnMap":{"0":{"name":"(anonymous_0)","decl":{"start":{"line":6,"column":30},"end":{"line":6,"column":31}},"loc":{"start":{"line":6,"column":36},"end":{"line":12,"column":1}},"line":6}},"branchMap":{},"s":{"0":0,"1":0},"f":{"0":0},"b":{},"hash":"edcca438defc78eb1c6a7201a42513b208f2a512"}
}
